<?xml version="1.0" encoding="UTF-8"?>
<coverage generated="1585746929457" clover="3.2.0">
  <project timestamp="1585746929457" name="All files">
    <metrics statements="48" coveredstatements="23" conditionals="2" coveredconditionals="0" methods="36" coveredmethods="13" elements="86" coveredelements="36" complexity="0" loc="48" ncloc="48" packages="1" files="5" classes="5"/>
    <file name="controller.js" path="/Users/pca/Desktop/CAMPUS NUMERIQUE/METIERS DU TEST/event-scheduler-jest-master/src/controller.js">
      <metrics statements="12" coveredstatements="12" conditionals="0" coveredconditionals="0" methods="6" coveredmethods="6"/>
      <line num="16" count="5" type="stmt"/>
      <line num="17" count="5" type="stmt"/>
      <line num="26" count="1" type="stmt"/>
      <line num="27" count="1" type="stmt"/>
      <line num="36" count="1" type="stmt"/>
      <line num="37" count="1" type="stmt"/>
      <line num="46" count="1" type="stmt"/>
      <line num="47" count="1" type="stmt"/>
      <line num="56" count="1" type="stmt"/>
      <line num="57" count="1" type="stmt"/>
      <line num="66" count="1" type="stmt"/>
      <line num="67" count="1" type="stmt"/>
    </file>
    <file name="models.js" path="/Users/pca/Desktop/CAMPUS NUMERIQUE/METIERS DU TEST/event-scheduler-jest-master/src/models.js">
      <metrics statements="15" coveredstatements="8" conditionals="0" coveredconditionals="0" methods="11" coveredmethods="4"/>
      <line num="41" count="10" type="stmt"/>
      <line num="42" count="10" type="stmt"/>
      <line num="43" count="10" type="stmt"/>
      <line num="44" count="10" type="stmt"/>
      <line num="45" count="10" type="stmt"/>
      <line num="53" count="0" type="stmt"/>
      <line num="61" count="0" type="stmt"/>
      <line num="69" count="0" type="stmt"/>
      <line num="77" count="0" type="stmt"/>
      <line num="85" count="1" type="stmt"/>
      <line num="93" count="0" type="stmt"/>
      <line num="101" count="1" type="stmt"/>
      <line num="109" count="0" type="stmt"/>
      <line num="117" count="1" type="stmt"/>
      <line num="125" count="0" type="stmt"/>
    </file>
    <file name="repository.js" path="/Users/pca/Desktop/CAMPUS NUMERIQUE/METIERS DU TEST/event-scheduler-jest-master/src/repository.js">
      <metrics statements="7" coveredstatements="0" conditionals="0" coveredconditionals="0" methods="6" coveredmethods="0"/>
      <line num="11" count="0" type="stmt"/>
      <line num="19" count="0" type="stmt"/>
      <line num="28" count="0" type="stmt"/>
      <line num="36" count="0" type="stmt"/>
      <line num="37" count="0" type="stmt"/>
      <line num="42" count="0" type="stmt"/>
      <line num="46" count="0" type="stmt"/>
    </file>
    <file name="serializer.js" path="/Users/pca/Desktop/CAMPUS NUMERIQUE/METIERS DU TEST/event-scheduler-jest-master/src/serializer.js">
      <metrics statements="2" coveredstatements="1" conditionals="0" coveredconditionals="0" methods="2" coveredmethods="1"/>
      <line num="10" count="1" type="stmt"/>
      <line num="19" count="0" type="stmt"/>
    </file>
    <file name="services.js" path="/Users/pca/Desktop/CAMPUS NUMERIQUE/METIERS DU TEST/event-scheduler-jest-master/src/services.js">
      <metrics statements="12" coveredstatements="2" conditionals="2" coveredconditionals="0" methods="11" coveredmethods="2"/>
      <line num="18" count="2" type="stmt"/>
      <line num="26" count="2" type="stmt"/>
      <line num="35" count="0" type="stmt"/>
      <line num="43" count="0" type="stmt"/>
      <line num="51" count="0" type="stmt"/>
      <line num="59" count="0" type="stmt"/>
      <line num="69" count="0" type="stmt"/>
      <line num="70" count="0" type="stmt"/>
      <line num="71" count="0" type="cond" truecount="0" falsecount="2"/>
      <line num="82" count="0" type="stmt"/>
      <line num="98" count="0" type="stmt"/>
      <line num="99" count="0" type="stmt"/>
    </file>
  </project>
</coverage>
